<?xml version="1.0" encoding="utf-8" standalone="no"?>
<!--This file represents the results of running a test suite-->
<test-results name="F:\GIT\線上資源\單元測試的藝術\ArtOfUnitTesting2ndEd.Samples\LogAn.UnitTests\bin\Debug\LogAn.UnitTests.dll" total="1" errors="0" failures="0" not-run="0" inconclusive="0" ignored="0" skipped="0" invalid="0" date="2023-07-27" time="00:02:43">
  <environment nunit-version="2.6.0.12051" clr-version="2.0.50727.9172" os-version="Microsoft Windows NT 6.2.9200.0" platform="Win32NT" cwd="F:\GIT\線上資源\單元測試的藝術\ArtOfUnitTesting2ndEd.Samples\packages\NUnit.Runners.2.6.0.12051\tools" machine-name="BTSTAN" user="kyo10" user-domain="BTSTAN" />
  <culture-info current-culture="zh-TW" current-uiculture="zh-TW" />
  <test-suite type="Assembly" name="F:\GIT\線上資源\單元測試的藝術\ArtOfUnitTesting2ndEd.Samples\LogAn.UnitTests\bin\Debug\LogAn.UnitTests.dll" executed="True" result="Success" success="True" time="0.021" asserts="0">
    <results>
      <test-suite type="Namespace" name="LogAn" executed="True" result="Success" success="True" time="0.016" asserts="0">
        <results>
          <test-suite type="Namespace" name="UnitTests" executed="True" result="Success" success="True" time="0.016" asserts="0">
            <results>
              <test-suite type="TestFixture" name="LogAnalyzerTests_new" executed="True" result="Success" success="True" time="0.015" asserts="0">
                <results>
                  <test-case name="LogAn.UnitTests.LogAnalyzerTests_new.IsValidLogFileName_EmptyFileName2_3_1" executed="True" result="Success" success="True" time="0.008" asserts="2" />
                </results>
              </test-suite>
            </results>
          </test-suite>
        </results>
      </test-suite>
    </results>
  </test-suite>
</test-results>